<?xml version="1.0" encoding="UTF-8"?>
<testsuite name="Yo como usuario quiero agregar productos al carrito de compras y validar el total a pagar" tests="1" skipped="0" failures="1" errors="0" timestamp="2022-12-13T22:09:40" hostname="LAPTOP-STJ4R6BF" time="44.071">
  <properties/>
  <testcase name="Seleccionar y agregar los productos al carrito de compras" classname="Yo como usuario quiero agregar productos al carrito de compras y validar el total a pagar" time="44.071">
    <failure message="java.lang.AssertionError: &#10;Expected: an element that is visible&#10;     but: no matching element found by xpath: (//div[@class='shop_now_slider'])[1]" type="java.lang.AssertionError">java.lang.AssertionError: 
Expected: an element that is visible
     but: no matching element found by xpath: (//div[@class='shop_now_slider'])[1]
	at net.serenitybdd.screenplay.ErrorTally.throwSummaryExceptionFrom(ErrorTally.java:36)
	at net.serenitybdd.screenplay.ErrorTally.reportAnyErrors(ErrorTally.java:30)
	at net.serenitybdd.screenplay.Actor.should(Actor.java:300)
	at net.serenitybdd.screenplay.waits.WaitUntilBuilder$1.performAs(WaitUntilBuilder.java:29)
	at net.serenitybdd.screenplay.Actor.performTask(Actor.java:232)
	at net.serenitybdd.screenplay.Actor.perform(Actor.java:213)
	at net.serenitybdd.screenplay.Actor.performSilently(Actor.java:193)
	at net.serenitybdd.screenplay.Actor.attemptsTo(Actor.java:166)
	at co.com.tevolvers.certification.reto.tasks.AgregarProducto.performAs(AgregarProducto.java:29)
	at co.com.tevolvers.certification.reto.tasks.AgregarProducto$$EnhancerByCGLIB$$694137ae.CGLIB$performAs$0(&lt;generated&gt;)
	at co.com.tevolvers.certification.reto.tasks.AgregarProducto$$EnhancerByCGLIB$$694137ae$$FastClassByCGLIB$$aed1a330.invoke(&lt;generated&gt;)
	at net.sf.cglib.proxy.MethodProxy.invokeSuper(MethodProxy.java:228)
	at net.thucydides.core.steps.StepInterceptor.invokeMethod(StepInterceptor.java:478)
	at net.thucydides.core.steps.StepInterceptor.executeTestStepMethod(StepInterceptor.java:463)
	at net.thucydides.core.steps.StepInterceptor.runTestStep(StepInterceptor.java:438)
	at net.thucydides.core.steps.StepInterceptor.runOrSkipMethod(StepInterceptor.java:179)
	at net.thucydides.core.steps.StepInterceptor.testStepResult(StepInterceptor.java:166)
	at net.thucydides.core.steps.StepInterceptor.intercept(StepInterceptor.java:72)
	at co.com.tevolvers.certification.reto.tasks.AgregarProducto$$EnhancerByCGLIB$$694137ae.performAs(&lt;generated&gt;)
	at net.serenitybdd.screenplay.Actor.performTask(Actor.java:232)
	at net.serenitybdd.screenplay.Actor.perform(Actor.java:213)
	at net.serenitybdd.screenplay.Actor.attemptsTo(Actor.java:170)
	at co.com.tevolvers.certification.reto.stepdefinitions.ComprarProductoStepDefinition.elUsuarioSeleccionaLosProductosYAgregarVariasCantidades(ComprarProductoStepDefinition.java:43)
	at âœ½.el usuario selecciona los productos y agregar varias cantidades(src/test/resources/features/compra_producto.feature:10)
</failure>
  </testcase>
  <system-out><![CDATA[]]></system-out>
  <system-err><![CDATA[dic. 13, 2022 5:09:41 P. M. org.openqa.selenium.remote.DesiredCapabilities chrome
INFO: Using `new ChromeOptions()` is preferred to `DesiredCapabilities.chrome()`
Starting ChromeDriver 108.0.5359.71 (1e0e3868ee06e91ad636a874420e3ca3ae3756ac-refs/branch-heads/5359@{#1016}) on port 57933
Only local connections are allowed.
Please see https://chromedriver.chromium.org/security-considerations for suggestions on keeping ChromeDriver safe.
ChromeDriver was started successfully.
dic. 13, 2022 5:09:44 P. M. org.openqa.selenium.remote.ProtocolHandshake createSession
INFO: Detected dialect: W3C
]]></system-err>
</testsuite>
